  Source.cpp
C:\Users\admin\source\repos\Details Store\Store.h(10,10): error C3646: 'car': unknown override specifier
C:\Users\admin\source\repos\Details Store\Store.h(10,10): error C4430: missing type specifier - int assumed. Note: C++ does not support default-int
C:\Users\admin\source\repos\Details Store\Store.h(11,13): error C3646: 'truck': unknown override specifier
C:\Users\admin\source\repos\Details Store\Store.h(11,13): error C4430: missing type specifier - int assumed. Note: C++ does not support default-int
C:\Users\admin\source\repos\Details Store\Store.h(12,9): error C3646: 'bus': unknown override specifier
C:\Users\admin\source\repos\Details Store\Store.h(12,9): error C4430: missing type specifier - int assumed. Note: C++ does not support default-int
C:\Users\admin\source\repos\Details Store\Store.h(13,12): error C3646: 'bike': unknown override specifier
C:\Users\admin\source\repos\Details Store\Store.h(13,12): error C4430: missing type specifier - int assumed. Note: C++ does not support default-int
C:\Users\admin\source\repos\Details Store\Store.h(18,20): error C3646: 'brandCar': unknown override specifier
C:\Users\admin\source\repos\Details Store\Store.h(18,20): error C4430: missing type specifier - int assumed. Note: C++ does not support default-int
C:\Users\admin\source\repos\Details Store\Store.h(19,16): error C3646: 'engine': unknown override specifier
C:\Users\admin\source\repos\Details Store\Store.h(19,16): error C4430: missing type specifier - int assumed. Note: C++ does not support default-int
C:\Users\admin\source\repos\Details Store\Store.h(20,28): error C3646: 'transmission': unknown override specifier
C:\Users\admin\source\repos\Details Store\Store.h(20,28): error C4430: missing type specifier - int assumed. Note: C++ does not support default-int
C:\Users\admin\source\repos\Details Store\Store.h(21,12): error C3646: 'body': unknown override specifier
C:\Users\admin\source\repos\Details Store\Store.h(21,12): error C4430: missing type specifier - int assumed. Note: C++ does not support default-int
C:\Users\admin\source\repos\Details Store\Store.h(22,19): error C3646: 'light': unknown override specifier
C:\Users\admin\source\repos\Details Store\Store.h(22,19): error C4430: missing type specifier - int assumed. Note: C++ does not support default-int
C:\Users\admin\source\repos\Details Store\Store.h(23,24): error C3646: 'suspension': unknown override specifier
C:\Users\admin\source\repos\Details Store\Store.h(23,24): error C4430: missing type specifier - int assumed. Note: C++ does not support default-int
C:\Users\admin\source\repos\Details Store\Store.h(24,16): error C3646: 'wheels': unknown override specifier
C:\Users\admin\source\repos\Details Store\Store.h(24,16): error C4430: missing type specifier - int assumed. Note: C++ does not support default-int
C:\Users\admin\source\repos\Details Store\Store.h(25,14): error C3646: 'salon': unknown override specifier
C:\Users\admin\source\repos\Details Store\Store.h(25,14): error C4430: missing type specifier - int assumed. Note: C++ does not support default-int
C:\Users\admin\source\repos\Details Store\Store.h(26,23): error C3646: 'elecronic': unknown override specifier
C:\Users\admin\source\repos\Details Store\Store.h(26,23): error C4430: missing type specifier - int assumed. Note: C++ does not support default-int
C:\Users\admin\source\repos\Details Store\Store.h(27,14): error C3646: 'other': unknown override specifier
C:\Users\admin\source\repos\Details Store\Store.h(27,14): error C4430: missing type specifier - int assumed. Note: C++ does not support default-int
C:\Users\admin\source\repos\Details Store\Store.h(32,20): error C3646: 'brandCar': unknown override specifier
C:\Users\admin\source\repos\Details Store\Store.h(32,20): error C4430: missing type specifier - int assumed. Note: C++ does not support default-int
C:\Users\admin\source\repos\Details Store\Store.h(33,16): error C3646: 'engine': unknown override specifier
C:\Users\admin\source\repos\Details Store\Store.h(33,16): error C4430: missing type specifier - int assumed. Note: C++ does not support default-int
C:\Users\admin\source\repos\Details Store\Store.h(34,28): error C3646: 'transmission': unknown override specifier
C:\Users\admin\source\repos\Details Store\Store.h(34,28): error C4430: missing type specifier - int assumed. Note: C++ does not support default-int
C:\Users\admin\source\repos\Details Store\Store.h(35,12): error C3646: 'body': unknown override specifier
C:\Users\admin\source\repos\Details Store\Store.h(35,12): error C4430: missing type specifier - int assumed. Note: C++ does not support default-int
C:\Users\admin\source\repos\Details Store\Store.h(36,19): error C3646: 'light': unknown override specifier
C:\Users\admin\source\repos\Details Store\Store.h(36,19): error C4430: missing type specifier - int assumed. Note: C++ does not support default-int
C:\Users\admin\source\repos\Details Store\Store.h(37,24): error C3646: 'suspension': unknown override specifier
C:\Users\admin\source\repos\Details Store\Store.h(37,24): error C4430: missing type specifier - int assumed. Note: C++ does not support default-int
C:\Users\admin\source\repos\Details Store\Store.h(38,16): error C3646: 'wheels': unknown override specifier
C:\Users\admin\source\repos\Details Store\Store.h(38,16): error C4430: missing type specifier - int assumed. Note: C++ does not support default-int
C:\Users\admin\source\repos\Details Store\Store.h(39,14): error C3646: 'salon': unknown override specifier
C:\Users\admin\source\repos\Details Store\Store.h(39,14): error C4430: missing type specifier - int assumed. Note: C++ does not support default-int
C:\Users\admin\source\repos\Details Store\Store.h(40,23): error C3646: 'elecronic': unknown override specifier
C:\Users\admin\source\repos\Details Store\Store.h(40,23): error C4430: missing type specifier - int assumed. Note: C++ does not support default-int
C:\Users\admin\source\repos\Details Store\Store.h(41,14): error C3646: 'other': unknown override specifier
C:\Users\admin\source\repos\Details Store\Store.h(41,14): error C4430: missing type specifier - int assumed. Note: C++ does not support default-int
C:\Users\admin\source\repos\Details Store\Store.h(46,20): error C3646: 'brandCar': unknown override specifier
C:\Users\admin\source\repos\Details Store\Store.h(46,20): error C4430: missing type specifier - int assumed. Note: C++ does not support default-int
C:\Users\admin\source\repos\Details Store\Store.h(47,16): error C3646: 'engine': unknown override specifier
C:\Users\admin\source\repos\Details Store\Store.h(47,16): error C4430: missing type specifier - int assumed. Note: C++ does not support default-int
C:\Users\admin\source\repos\Details Store\Store.h(48,28): error C3646: 'transmission': unknown override specifier
C:\Users\admin\source\repos\Details Store\Store.h(48,28): error C4430: missing type specifier - int assumed. Note: C++ does not support default-int
C:\Users\admin\source\repos\Details Store\Store.h(49,12): error C3646: 'body': unknown override specifier
C:\Users\admin\source\repos\Details Store\Store.h(49,12): error C4430: missing type specifier - int assumed. Note: C++ does not support default-int
C:\Users\admin\source\repos\Details Store\Store.h(50,19): error C3646: 'light': unknown override specifier
C:\Users\admin\source\repos\Details Store\Store.h(50,19): error C4430: missing type specifier - int assumed. Note: C++ does not support default-int
C:\Users\admin\source\repos\Details Store\Store.h(51,24): error C3646: 'suspension': unknown override specifier
C:\Users\admin\source\repos\Details Store\Store.h(51,24): error C4430: missing type specifier - int assumed. Note: C++ does not support default-int
C:\Users\admin\source\repos\Details Store\Store.h(52,16): error C3646: 'wheels': unknown override specifier
C:\Users\admin\source\repos\Details Store\Store.h(52,16): error C4430: missing type specifier - int assumed. Note: C++ does not support default-int
C:\Users\admin\source\repos\Details Store\Store.h(53,14): error C3646: 'salon': unknown override specifier
C:\Users\admin\source\repos\Details Store\Store.h(53,14): error C4430: missing type specifier - int assumed. Note: C++ does not support default-int
C:\Users\admin\source\repos\Details Store\Store.h(54,23): error C3646: 'elecronic': unknown override specifier
C:\Users\admin\source\repos\Details Store\Store.h(54,23): error C4430: missing type specifier - int assumed. Note: C++ does not support default-int
C:\Users\admin\source\repos\Details Store\Store.h(55,14): error C3646: 'other': unknown override specifier
C:\Users\admin\source\repos\Details Store\Store.h(55,14): error C4430: missing type specifier - int assumed. Note: C++ does not support default-int
C:\Users\admin\source\repos\Details Store\Store.h(60,20): error C3646: 'brandCar': unknown override specifier
C:\Users\admin\source\repos\Details Store\Store.h(60,20): error C4430: missing type specifier - int assumed. Note: C++ does not support default-int
C:\Users\admin\source\repos\Details Store\Store.h(61,16): error C3646: 'engine': unknown override specifier
C:\Users\admin\source\repos\Details Store\Store.h(61,16): error C4430: missing type specifier - int assumed. Note: C++ does not support default-int
C:\Users\admin\source\repos\Details Store\Store.h(62,28): error C3646: 'transmission': unknown override specifier
C:\Users\admin\source\repos\Details Store\Store.h(62,28): error C4430: missing type specifier - int assumed. Note: C++ does not support default-int
C:\Users\admin\source\repos\Details Store\Store.h(63,19): error C3646: 'light': unknown override specifier
C:\Users\admin\source\repos\Details Store\Store.h(63,19): error C4430: missing type specifier - int assumed. Note: C++ does not support default-int
C:\Users\admin\source\repos\Details Store\Store.h(64,24): error C3646: 'suspension': unknown override specifier
C:\Users\admin\source\repos\Details Store\Store.h(64,24): error C4430: missing type specifier - int assumed. Note: C++ does not support default-int
C:\Users\admin\source\repos\Details Store\Store.h(65,16): error C3646: 'wheels': unknown override specifier
C:\Users\admin\source\repos\Details Store\Store.h(65,16): error C4430: missing type specifier - int assumed. Note: C++ does not support default-int
C:\Users\admin\source\repos\Details Store\Store.h(66,23): error C3646: 'elecronic': unknown override specifier
C:\Users\admin\source\repos\Details Store\Store.h(66,23): error C4430: missing type specifier - int assumed. Note: C++ does not support default-int
C:\Users\admin\source\repos\Details Store\Store.h(67,14): error C3646: 'other': unknown override specifier
C:\Users\admin\source\repos\Details Store\Store.h(67,14): error C4430: missing type specifier - int assumed. Note: C++ does not support default-int
C:\Users\admin\source\repos\Details Store\Store.h(90,18): error C3646: 'contact': unknown override specifier
C:\Users\admin\source\repos\Details Store\Store.h(90,18): error C4430: missing type specifier - int assumed. Note: C++ does not support default-int
C:\Users\admin\source\repos\Details Store\Store.h(100,18): error C3646: 'contact': unknown override specifier
C:\Users\admin\source\repos\Details Store\Store.h(100,18): error C4430: missing type specifier - int assumed. Note: C++ does not support default-int
C:\Users\admin\source\repos\Details Store\Store.h(108,18): error C3646: 'contact': unknown override specifier
C:\Users\admin\source\repos\Details Store\Store.h(108,18): error C4430: missing type specifier - int assumed. Note: C++ does not support default-int
C:\Users\admin\source\repos\Details Store\Store.h(114,18): error C3646: 'contact': unknown override specifier
C:\Users\admin\source\repos\Details Store\Store.h(114,18): error C4430: missing type specifier - int assumed. Note: C++ does not support default-int
C:\Users\admin\source\repos\Details Store\Store.h(122,18): error C3646: 'contact': unknown override specifier
C:\Users\admin\source\repos\Details Store\Store.h(122,18): error C4430: missing type specifier - int assumed. Note: C++ does not support default-int
C:\Users\admin\source\repos\Details Store\Store.h(130,18): error C3646: 'contact': unknown override specifier
C:\Users\admin\source\repos\Details Store\Store.h(130,18): error C4430: missing type specifier - int assumed. Note: C++ does not support default-int
C:\Users\admin\source\repos\Details Store\Store.h(140,18): error C3646: 'contact': unknown override specifier
C:\Users\admin\source\repos\Details Store\Store.h(140,18): error C4430: missing type specifier - int assumed. Note: C++ does not support default-int
C:\Users\admin\source\repos\Details Store\Store.h(148,18): error C3646: 'contact': unknown override specifier
C:\Users\admin\source\repos\Details Store\Store.h(148,18): error C4430: missing type specifier - int assumed. Note: C++ does not support default-int
C:\Users\admin\source\repos\Details Store\Store.h(154,18): error C3646: 'contact': unknown override specifier
C:\Users\admin\source\repos\Details Store\Store.h(154,18): error C4430: missing type specifier - int assumed. Note: C++ does not support default-int
C:\Users\admin\source\repos\Details Store\Store.h(161,17): error C3646: 'contact': unknown override specifier
C:\Users\admin\source\repos\Details Store\Store.h(161,17): error C4430: missing type specifier - int assumed. Note: C++ does not support default-int
C:\Users\admin\source\repos\Details Store\Source.cpp(7,1): warning C4326: return type of 'main' should be 'int' instead of 'void'
C:\Users\admin\source\repos\Details Store\Source.cpp(16,11): warning C4566: character represented by universal-character-name '\u0423' cannot be represented in the current code page (1252)
C:\Users\admin\source\repos\Details Store\Source.cpp(16,11): warning C4566: character represented by universal-character-name '\u0432' cannot be represented in the current code page (1252)
C:\Users\admin\source\repos\Details Store\Source.cpp(16,11): warning C4566: character represented by universal-character-name '\u0439' cannot be represented in the current code page (1252)
C:\Users\admin\source\repos\Details Store\Source.cpp(16,11): warning C4566: character represented by universal-character-name '\u0442' cannot be represented in the current code page (1252)
C:\Users\admin\source\repos\Details Store\Source.cpp(16,11): warning C4566: character represented by universal-character-name '\u0438' cannot be represented in the current code page (1252)
C:\Users\admin\source\repos\Details Store\Source.cpp(16,11): warning C4566: character represented by universal-character-name '\u044F' cannot be represented in the current code page (1252)
C:\Users\admin\source\repos\Details Store\Source.cpp(16,11): warning C4566: character represented by universal-character-name '\u043A' cannot be represented in the current code page (1252)
C:\Users\admin\source\repos\Details Store\Source.cpp(16,11): warning C4566: character represented by universal-character-name '\u043B' cannot be represented in the current code page (1252)
C:\Users\admin\source\repos\Details Store\Source.cpp(16,11): warning C4566: character represented by universal-character-name '\u0454' cannot be represented in the current code page (1252)
C:\Users\admin\source\repos\Details Store\Source.cpp(16,11): warning C4566: character represented by universal-character-name '\u043D' cannot be represented in the current code page (1252)
C:\Users\admin\source\repos\Details Store\Source.cpp(17,11): warning C4566: character represented by universal-character-name '\u0423' cannot be represented in the current code page (1252)
C:\Users\admin\source\repos\Details Store\Source.cpp(17,11): warning C4566: character represented by universal-character-name '\u0432' cannot be represented in the current code page (1252)
C:\Users\admin\source\repos\Details Store\Source.cpp(17,11): warning C4566: character represented by universal-character-name '\u0439' cannot be represented in the current code page (1252)
C:\Users\admin\source\repos\Details Store\Source.cpp(17,11): warning C4566: character represented by universal-character-name '\u0442' cannot be represented in the current code page (1252)
C:\Users\admin\source\repos\Details Store\Source.cpp(17,11): warning C4566: character represented by universal-character-name '\u0438' cannot be represented in the current code page (1252)
C:\Users\admin\source\repos\Details Store\Source.cpp(17,11): warning C4566: character represented by universal-character-name '\u044F' cannot be represented in the current code page (1252)
C:\Users\admin\source\repos\Details Store\Source.cpp(17,11): warning C4566: character represented by universal-character-name '\u043A' cannot be represented in the current code page (1252)
C:\Users\admin\source\repos\Details Store\Source.cpp(17,11): warning C4566: character represented by universal-character-name '\u0430' cannot be represented in the current code page (1252)
C:\Users\admin\source\repos\Details Store\Source.cpp(17,11): warning C4566: character represented by universal-character-name '\u0434' cannot be represented in the current code page (1252)
C:\Users\admin\source\repos\Details Store\Source.cpp(17,11): warning C4566: character represented by universal-character-name '\u043C' cannot be represented in the current code page (1252)
C:\Users\admin\source\repos\Details Store\Source.cpp(17,11): warning C4566: character represented by universal-character-name '\u043D' cannot be represented in the current code page (1252)
C:\Users\admin\source\repos\Details Store\Source.cpp(18,11): warning C4566: character represented by universal-character-name '\u0417' cannot be represented in the current code page (1252)
C:\Users\admin\source\repos\Details Store\Source.cpp(18,11): warning C4566: character represented by universal-character-name '\u0430' cannot be represented in the current code page (1252)
C:\Users\admin\source\repos\Details Store\Source.cpp(18,11): warning C4566: character represented by universal-character-name '\u0440' cannot be represented in the current code page (1252)
C:\Users\admin\source\repos\Details Store\Source.cpp(18,11): warning C4566: character represented by universal-character-name '\u0435' cannot be represented in the current code page (1252)
C:\Users\admin\source\repos\Details Store\Source.cpp(18,11): warning C4566: character represented by universal-character-name '\u0454' cannot be represented in the current code page (1252)
C:\Users\admin\source\repos\Details Store\Source.cpp(18,11): warning C4566: character represented by universal-character-name '\u0441' cannot be represented in the current code page (1252)
C:\Users\admin\source\repos\Details Store\Source.cpp(18,11): warning C4566: character represented by universal-character-name '\u0442' cannot be represented in the current code page (1252)
C:\Users\admin\source\repos\Details Store\Source.cpp(18,11): warning C4566: character represented by universal-character-name '\u0443' cannot be represented in the current code page (1252)
C:\Users\admin\source\repos\Details Store\Source.cpp(18,11): warning C4566: character represented by universal-character-name '\u0432' cannot be represented in the current code page (1252)
C:\Users\admin\source\repos\Details Store\Source.cpp(18,11): warning C4566: character represented by universal-character-name '\u0438' cannot be represented in the current code page (1252)
C:\Users\admin\source\repos\Details Store\Source.cpp(18,11): warning C4566: character represented by universal-character-name '\u044F' cannot be represented in the current code page (1252)
C:\Users\admin\source\repos\Details Store\Source.cpp(19,11): warning C4566: character represented by universal-character-name '\u0412' cannot be represented in the current code page (1252)
C:\Users\admin\source\repos\Details Store\Source.cpp(19,11): warning C4566: character represented by universal-character-name '\u0438' cannot be represented in the current code page (1252)
C:\Users\admin\source\repos\Details Store\Source.cpp(19,11): warning C4566: character represented by universal-character-name '\u0439' cannot be represented in the current code page (1252)
C:\Users\admin\source\repos\Details Store\Source.cpp(19,11): warning C4566: character represented by universal-character-name '\u0442' cannot be represented in the current code page (1252)
C:\Users\admin\source\repos\Details Store\Source.cpp(28,13): warning C4566: character represented by universal-character-name '\u041E' cannot be represented in the current code page (1252)
C:\Users\admin\source\repos\Details Store\Source.cpp(28,13): warning C4566: character represented by universal-character-name '\u0431' cannot be represented in the current code page (1252)
C:\Users\admin\source\repos\Details Store\Source.cpp(28,13): warning C4566: character represented by universal-character-name '\u0435' cannot be represented in the current code page (1252)
C:\Users\admin\source\repos\Details Store\Source.cpp(28,13): warning C4566: character represented by universal-character-name '\u0440' cannot be represented in the current code page (1252)
C:\Users\admin\source\repos\Details Store\Source.cpp(28,13): warning C4566: character represented by universal-character-name '\u0442' cannot be represented in the current code page (1252)
C:\Users\admin\source\repos\Details Store\Source.cpp(28,13): warning C4566: character represented by universal-character-name '\u044C' cannot be represented in the current code page (1252)
C:\Users\admin\source\repos\Details Store\Source.cpp(28,13): warning C4566: character represented by universal-character-name '\u043A' cannot be represented in the current code page (1252)
C:\Users\admin\source\repos\Details Store\Source.cpp(28,13): warning C4566: character represented by universal-character-name '\u0430' cannot be represented in the current code page (1252)
C:\Users\admin\source\repos\Details Store\Source.cpp(28,13): warning C4566: character represented by universal-character-name '\u0433' cannot be represented in the current code page (1252)
C:\Users\admin\source\repos\Details Store\Source.cpp(28,13): warning C4566: character represented by universal-character-name '\u043E' cannot be represented in the current code page (1252)
C:\Users\admin\source\repos\Details Store\Source.cpp(28,13): warning C4566: character represented by universal-character-name '\u044E' cannot be represented in the current code page (1252)
C:\Users\admin\source\repos\Details Store\Source.cpp(29,13): warning C4566: character represented by universal-character-name '\u041B' cannot be represented in the current code page (1252)
C:\Users\admin\source\repos\Details Store\Source.cpp(29,13): warning C4566: character represented by universal-character-name '\u0435' cannot be represented in the current code page (1252)
C:\Users\admin\source\repos\Details Store\Source.cpp(29,13): warning C4566: character represented by universal-character-name '\u0433' cannot be represented in the current code page (1252)
C:\Users\admin\source\repos\Details Store\Source.cpp(29,13): warning C4566: character represented by universal-character-name '\u043A' cannot be represented in the current code page (1252)
C:\Users\admin\source\repos\Details Store\Source.cpp(29,13): warning C4566: character represented by universal-character-name '\u043E' cannot be represented in the current code page (1252)
C:\Users\admin\source\repos\Details Store\Source.cpp(29,13): warning C4566: character represented by universal-character-name '\u0432' cannot be represented in the current code page (1252)
C:\Users\admin\source\repos\Details Store\Source.cpp(30,13): warning C4566: character represented by universal-character-name '\u0412' cannot be represented in the current code page (1252)
C:\Users\admin\source\repos\Details Store\Source.cpp(30,13): warning C4566: character represented by universal-character-name '\u0430' cannot be represented in the current code page (1252)
C:\Users\admin\source\repos\Details Store\Source.cpp(30,13): warning C4566: character represented by universal-character-name '\u043D' cannot be represented in the current code page (1252)
C:\Users\admin\source\repos\Details Store\Source.cpp(30,13): warning C4566: character represented by universal-character-name '\u0442' cannot be represented in the current code page (1252)
C:\Users\admin\source\repos\Details Store\Source.cpp(30,13): warning C4566: character represented by universal-character-name '\u0436' cannot be represented in the current code page (1252)
C:\Users\admin\source\repos\Details Store\Source.cpp(31,13): warning C4566: character represented by universal-character-name '\u0411' cannot be represented in the current code page (1252)
C:\Users\admin\source\repos\Details Store\Source.cpp(31,13): warning C4566: character represented by universal-character-name '\u0443' cannot be represented in the current code page (1252)
C:\Users\admin\source\repos\Details Store\Source.cpp(31,13): warning C4566: character represented by universal-character-name '\u0441' cannot be represented in the current code page (1252)
C:\Users\admin\source\repos\Details Store\Source.cpp(31,13): warning C4566: character represented by universal-character-name '\u0438' cannot be represented in the current code page (1252)
C:\Users\admin\source\repos\Details Store\Source.cpp(32,13): warning C4566: character represented by universal-character-name '\u041C' cannot be represented in the current code page (1252)
C:\Users\admin\source\repos\Details Store\Source.cpp(32,13): warning C4566: character represented by universal-character-name '\u043E' cannot be represented in the current code page (1252)
C:\Users\admin\source\repos\Details Store\Source.cpp(32,13): warning C4566: character represented by universal-character-name '\u0442' cannot be represented in the current code page (1252)
C:\Users\admin\source\repos\Details Store\Source.cpp(32,13): warning C4566: character represented by universal-character-name '\u0446' cannot be represented in the current code page (1252)
C:\Users\admin\source\repos\Details Store\Source.cpp(32,13): warning C4566: character represented by universal-character-name '\u0438' cannot be represented in the current code page (1252)
C:\Users\admin\source\repos\Details Store\Source.cpp(32,13): warning C4566: character represented by universal-character-name '\u043A' cannot be represented in the current code page (1252)
C:\Users\admin\source\repos\Details Store\Source.cpp(32,13): warning C4566: character represented by universal-character-name '\u043B' cannot be represented in the current code page (1252)
C:\Users\admin\source\repos\Details Store\Source.cpp(32,13): warning C4566: character represented by universal-character-name '\u0440' cannot be represented in the current code page (1252)
C:\Users\admin\source\repos\Details Store\Source.cpp(32,13): warning C4566: character represented by universal-character-name '\u0430' cannot be represented in the current code page (1252)
C:\Users\admin\source\repos\Details Store\Source.cpp(33,13): warning C4566: character represented by universal-character-name '\u0412' cannot be represented in the current code page (1252)
C:\Users\admin\source\repos\Details Store\Source.cpp(33,13): warning C4566: character represented by universal-character-name '\u0438' cannot be represented in the current code page (1252)
C:\Users\admin\source\repos\Details Store\Source.cpp(33,13): warning C4566: character represented by universal-character-name '\u0439' cannot be represented in the current code page (1252)
C:\Users\admin\source\repos\Details Store\Source.cpp(33,13): warning C4566: character represented by universal-character-name '\u0442' cannot be represented in the current code page (1252)
  Store.cpp
C:\Users\admin\source\repos\Details Store\Store.h(10,10): error C3646: 'car': unknown override specifier
C:\Users\admin\source\repos\Details Store\Store.h(10,10): error C4430: missing type specifier - int assumed. Note: C++ does not support default-int
C:\Users\admin\source\repos\Details Store\Store.h(11,13): error C3646: 'truck': unknown override specifier
C:\Users\admin\source\repos\Details Store\Store.h(11,13): error C4430: missing type specifier - int assumed. Note: C++ does not support default-int
C:\Users\admin\source\repos\Details Store\Store.h(12,9): error C3646: 'bus': unknown override specifier
C:\Users\admin\source\repos\Details Store\Store.h(12,9): error C4430: missing type specifier - int assumed. Note: C++ does not support default-int
C:\Users\admin\source\repos\Details Store\Store.h(13,12): error C3646: 'bike': unknown override specifier
C:\Users\admin\source\repos\Details Store\Store.h(13,12): error C4430: missing type specifier - int assumed. Note: C++ does not support default-int
C:\Users\admin\source\repos\Details Store\Store.h(18,20): error C3646: 'brandCar': unknown override specifier
C:\Users\admin\source\repos\Details Store\Store.h(18,20): error C4430: missing type specifier - int assumed. Note: C++ does not support default-int
C:\Users\admin\source\repos\Details Store\Store.h(19,16): error C3646: 'engine': unknown override specifier
C:\Users\admin\source\repos\Details Store\Store.h(19,16): error C4430: missing type specifier - int assumed. Note: C++ does not support default-int
C:\Users\admin\source\repos\Details Store\Store.h(20,28): error C3646: 'transmission': unknown override specifier
C:\Users\admin\source\repos\Details Store\Store.h(20,28): error C4430: missing type specifier - int assumed. Note: C++ does not support default-int
C:\Users\admin\source\repos\Details Store\Store.h(21,12): error C3646: 'body': unknown override specifier
C:\Users\admin\source\repos\Details Store\Store.h(21,12): error C4430: missing type specifier - int assumed. Note: C++ does not support default-int
C:\Users\admin\source\repos\Details Store\Store.h(22,19): error C3646: 'light': unknown override specifier
C:\Users\admin\source\repos\Details Store\Store.h(22,19): error C4430: missing type specifier - int assumed. Note: C++ does not support default-int
C:\Users\admin\source\repos\Details Store\Store.h(23,24): error C3646: 'suspension': unknown override specifier
C:\Users\admin\source\repos\Details Store\Store.h(23,24): error C4430: missing type specifier - int assumed. Note: C++ does not support default-int
C:\Users\admin\source\repos\Details Store\Store.h(24,16): error C3646: 'wheels': unknown override specifier
C:\Users\admin\source\repos\Details Store\Store.h(24,16): error C4430: missing type specifier - int assumed. Note: C++ does not support default-int
C:\Users\admin\source\repos\Details Store\Store.h(25,14): error C3646: 'salon': unknown override specifier
C:\Users\admin\source\repos\Details Store\Store.h(25,14): error C4430: missing type specifier - int assumed. Note: C++ does not support default-int
C:\Users\admin\source\repos\Details Store\Store.h(26,23): error C3646: 'elecronic': unknown override specifier
C:\Users\admin\source\repos\Details Store\Store.h(26,23): error C4430: missing type specifier - int assumed. Note: C++ does not support default-int
C:\Users\admin\source\repos\Details Store\Store.h(27,14): error C3646: 'other': unknown override specifier
C:\Users\admin\source\repos\Details Store\Store.h(27,14): error C4430: missing type specifier - int assumed. Note: C++ does not support default-int
C:\Users\admin\source\repos\Details Store\Store.h(32,20): error C3646: 'brandCar': unknown override specifier
C:\Users\admin\source\repos\Details Store\Store.h(32,20): error C4430: missing type specifier - int assumed. Note: C++ does not support default-int
C:\Users\admin\source\repos\Details Store\Store.h(33,16): error C3646: 'engine': unknown override specifier
C:\Users\admin\source\repos\Details Store\Store.h(33,16): error C4430: missing type specifier - int assumed. Note: C++ does not support default-int
C:\Users\admin\source\repos\Details Store\Store.h(34,28): error C3646: 'transmission': unknown override specifier
C:\Users\admin\source\repos\Details Store\Store.h(34,28): error C4430: missing type specifier - int assumed. Note: C++ does not support default-int
C:\Users\admin\source\repos\Details Store\Store.h(35,12): error C3646: 'body': unknown override specifier
C:\Users\admin\source\repos\Details Store\Store.h(35,12): error C4430: missing type specifier - int assumed. Note: C++ does not support default-int
C:\Users\admin\source\repos\Details Store\Store.h(36,19): error C3646: 'light': unknown override specifier
C:\Users\admin\source\repos\Details Store\Store.h(36,19): error C4430: missing type specifier - int assumed. Note: C++ does not support default-int
C:\Users\admin\source\repos\Details Store\Store.h(37,24): error C3646: 'suspension': unknown override specifier
C:\Users\admin\source\repos\Details Store\Store.h(37,24): error C4430: missing type specifier - int assumed. Note: C++ does not support default-int
C:\Users\admin\source\repos\Details Store\Store.h(38,16): error C3646: 'wheels': unknown override specifier
C:\Users\admin\source\repos\Details Store\Store.h(38,16): error C4430: missing type specifier - int assumed. Note: C++ does not support default-int
C:\Users\admin\source\repos\Details Store\Store.h(39,14): error C3646: 'salon': unknown override specifier
C:\Users\admin\source\repos\Details Store\Store.h(39,14): error C4430: missing type specifier - int assumed. Note: C++ does not support default-int
C:\Users\admin\source\repos\Details Store\Store.h(40,23): error C3646: 'elecronic': unknown override specifier
C:\Users\admin\source\repos\Details Store\Store.h(40,23): error C4430: missing type specifier - int assumed. Note: C++ does not support default-int
C:\Users\admin\source\repos\Details Store\Store.h(41,14): error C3646: 'other': unknown override specifier
C:\Users\admin\source\repos\Details Store\Store.h(41,14): error C4430: missing type specifier - int assumed. Note: C++ does not support default-int
C:\Users\admin\source\repos\Details Store\Store.h(46,20): error C3646: 'brandCar': unknown override specifier
C:\Users\admin\source\repos\Details Store\Store.h(46,20): error C4430: missing type specifier - int assumed. Note: C++ does not support default-int
C:\Users\admin\source\repos\Details Store\Store.h(47,16): error C3646: 'engine': unknown override specifier
C:\Users\admin\source\repos\Details Store\Store.h(47,16): error C4430: missing type specifier - int assumed. Note: C++ does not support default-int
C:\Users\admin\source\repos\Details Store\Store.h(48,28): error C3646: 'transmission': unknown override specifier
C:\Users\admin\source\repos\Details Store\Store.h(48,28): error C4430: missing type specifier - int assumed. Note: C++ does not support default-int
C:\Users\admin\source\repos\Details Store\Store.h(49,12): error C3646: 'body': unknown override specifier
C:\Users\admin\source\repos\Details Store\Store.h(49,12): error C4430: missing type specifier - int assumed. Note: C++ does not support default-int
C:\Users\admin\source\repos\Details Store\Store.h(50,19): error C3646: 'light': unknown override specifier
C:\Users\admin\source\repos\Details Store\Store.h(50,19): error C4430: missing type specifier - int assumed. Note: C++ does not support default-int
C:\Users\admin\source\repos\Details Store\Store.h(51,24): error C3646: 'suspension': unknown override specifier
C:\Users\admin\source\repos\Details Store\Store.h(51,24): error C4430: missing type specifier - int assumed. Note: C++ does not support default-int
C:\Users\admin\source\repos\Details Store\Store.h(52,16): error C3646: 'wheels': unknown override specifier
C:\Users\admin\source\repos\Details Store\Store.h(52,16): error C4430: missing type specifier - int assumed. Note: C++ does not support default-int
C:\Users\admin\source\repos\Details Store\Store.h(53,14): error C3646: 'salon': unknown override specifier
C:\Users\admin\source\repos\Details Store\Store.h(53,14): error C4430: missing type specifier - int assumed. Note: C++ does not support default-int
C:\Users\admin\source\repos\Details Store\Store.h(54,23): error C3646: 'elecronic': unknown override specifier
C:\Users\admin\source\repos\Details Store\Store.h(54,23): error C4430: missing type specifier - int assumed. Note: C++ does not support default-int
C:\Users\admin\source\repos\Details Store\Store.h(55,14): error C3646: 'other': unknown override specifier
C:\Users\admin\source\repos\Details Store\Store.h(55,14): error C4430: missing type specifier - int assumed. Note: C++ does not support default-int
C:\Users\admin\source\repos\Details Store\Store.h(60,20): error C3646: 'brandCar': unknown override specifier
C:\Users\admin\source\repos\Details Store\Store.h(60,20): error C4430: missing type specifier - int assumed. Note: C++ does not support default-int
C:\Users\admin\source\repos\Details Store\Store.h(61,16): error C3646: 'engine': unknown override specifier
C:\Users\admin\source\repos\Details Store\Store.h(61,16): error C4430: missing type specifier - int assumed. Note: C++ does not support default-int
C:\Users\admin\source\repos\Details Store\Store.h(62,28): error C3646: 'transmission': unknown override specifier
C:\Users\admin\source\repos\Details Store\Store.h(62,28): error C4430: missing type specifier - int assumed. Note: C++ does not support default-int
C:\Users\admin\source\repos\Details Store\Store.h(63,19): error C3646: 'light': unknown override specifier
C:\Users\admin\source\repos\Details Store\Store.h(63,19): error C4430: missing type specifier - int assumed. Note: C++ does not support default-int
C:\Users\admin\source\repos\Details Store\Store.h(64,24): error C3646: 'suspension': unknown override specifier
C:\Users\admin\source\repos\Details Store\Store.h(64,24): error C4430: missing type specifier - int assumed. Note: C++ does not support default-int
C:\Users\admin\source\repos\Details Store\Store.h(65,16): error C3646: 'wheels': unknown override specifier
C:\Users\admin\source\repos\Details Store\Store.h(65,16): error C4430: missing type specifier - int assumed. Note: C++ does not support default-int
C:\Users\admin\source\repos\Details Store\Store.h(66,23): error C3646: 'elecronic': unknown override specifier
C:\Users\admin\source\repos\Details Store\Store.h(66,23): error C4430: missing type specifier - int assumed. Note: C++ does not support default-int
C:\Users\admin\source\repos\Details Store\Store.h(67,14): error C3646: 'other': unknown override specifier
C:\Users\admin\source\repos\Details Store\Store.h(67,14): error C4430: missing type specifier - int assumed. Note: C++ does not support default-int
C:\Users\admin\source\repos\Details Store\Store.h(90,18): error C3646: 'contact': unknown override specifier
C:\Users\admin\source\repos\Details Store\Store.h(90,18): error C4430: missing type specifier - int assumed. Note: C++ does not support default-int
C:\Users\admin\source\repos\Details Store\Store.h(100,18): error C3646: 'contact': unknown override specifier
C:\Users\admin\source\repos\Details Store\Store.h(100,18): error C4430: missing type specifier - int assumed. Note: C++ does not support default-int
C:\Users\admin\source\repos\Details Store\Store.h(108,18): error C3646: 'contact': unknown override specifier
C:\Users\admin\source\repos\Details Store\Store.h(108,18): error C4430: missing type specifier - int assumed. Note: C++ does not support default-int
C:\Users\admin\source\repos\Details Store\Store.h(114,18): error C3646: 'contact': unknown override specifier
C:\Users\admin\source\repos\Details Store\Store.h(114,18): error C4430: missing type specifier - int assumed. Note: C++ does not support default-int
C:\Users\admin\source\repos\Details Store\Store.h(122,18): error C3646: 'contact': unknown override specifier
C:\Users\admin\source\repos\Details Store\Store.h(122,18): error C4430: missing type specifier - int assumed. Note: C++ does not support default-int
C:\Users\admin\source\repos\Details Store\Store.h(130,18): error C3646: 'contact': unknown override specifier
C:\Users\admin\source\repos\Details Store\Store.h(130,18): error C4430: missing type specifier - int assumed. Note: C++ does not support default-int
C:\Users\admin\source\repos\Details Store\Store.h(140,18): error C3646: 'contact': unknown override specifier
C:\Users\admin\source\repos\Details Store\Store.h(140,18): error C4430: missing type specifier - int assumed. Note: C++ does not support default-int
C:\Users\admin\source\repos\Details Store\Store.h(148,18): error C3646: 'contact': unknown override specifier
C:\Users\admin\source\repos\Details Store\Store.h(148,18): error C4430: missing type specifier - int assumed. Note: C++ does not support default-int
C:\Users\admin\source\repos\Details Store\Store.h(154,18): error C3646: 'contact': unknown override specifier
C:\Users\admin\source\repos\Details Store\Store.h(154,18): error C4430: missing type specifier - int assumed. Note: C++ does not support default-int
C:\Users\admin\source\repos\Details Store\Store.h(161,17): error C3646: 'contact': unknown override specifier
C:\Users\admin\source\repos\Details Store\Store.h(161,17): error C4430: missing type specifier - int assumed. Note: C++ does not support default-int
C:\Users\admin\source\repos\Details Store\Store.cpp(34,18): error C2039: 'car': is not a member of 'vehicle'
C:\Users\admin\source\repos\Details Store\Store.h(7): message : see declaration of 'vehicle'
C:\Users\admin\source\repos\Details Store\Store.cpp(35,26): error C2039: 'car': is not a member of 'vehicle'
C:\Users\admin\source\repos\Details Store\Store.h(7): message : see declaration of 'vehicle'
C:\Users\admin\source\repos\Details Store\Store.cpp(35,5): error C2672: 'getline': no matching overloaded function found
C:\Users\admin\source\repos\Details Store\Store.cpp(35,41): error C2780: 'std::basic_istream<_Elem,_Traits> &std::getline(std::basic_istream<_Elem,_Traits> &,std::basic_string<_Elem,_Traits,_Alloc> &)': expects 2 arguments - 1 provided
C:\Program Files (x86)\Microsoft Visual Studio\2019\Community\VC\Tools\MSVC\14.24.28314\include\string(82): message : see declaration of 'std::getline'
C:\Users\admin\source\repos\Details Store\Store.cpp(35,41): error C2780: 'std::basic_istream<_Elem,_Traits> &std::getline(std::basic_istream<_Elem,_Traits> &,std::basic_string<_Elem,_Traits,_Alloc> &,const _Elem)': expects 3 arguments - 1 provided
C:\Program Files (x86)\Microsoft Visual Studio\2019\Community\VC\Tools\MSVC\14.24.28314\include\string(76): message : see declaration of 'std::getline'
C:\Users\admin\source\repos\Details Store\Store.cpp(35,41): error C2780: 'std::basic_istream<_Elem,_Traits> &std::getline(std::basic_istream<_Elem,_Traits> &&,std::basic_string<_Elem,_Traits,_Alloc> &)': expects 2 arguments - 1 provided
C:\Program Files (x86)\Microsoft Visual Studio\2019\Community\VC\Tools\MSVC\14.24.28314\include\string(70): message : see declaration of 'std::getline'
C:\Users\admin\source\repos\Details Store\Store.cpp(35,41): error C2780: 'std::basic_istream<_Elem,_Traits> &std::getline(std::basic_istream<_Elem,_Traits> &&,std::basic_string<_Elem,_Traits,_Alloc> &,const _Elem)': expects 3 arguments - 1 provided
C:\Program Files (x86)\Microsoft Visual Studio\2019\Community\VC\Tools\MSVC\14.24.28314\include\string(27): message : see declaration of 'std::getline'
C:\Users\admin\source\repos\Details Store\Store.cpp(36,26): error C2039: 'car': is not a member of 'vehicle'
C:\Users\admin\source\repos\Details Store\Store.h(7): message : see declaration of 'vehicle'
C:\Users\admin\source\repos\Details Store\Store.cpp(36,5): error C2672: 'getline': no matching overloaded function found
C:\Users\admin\source\repos\Details Store\Store.cpp(36,41): error C2780: 'std::basic_istream<_Elem,_Traits> &std::getline(std::basic_istream<_Elem,_Traits> &,std::basic_string<_Elem,_Traits,_Alloc> &)': expects 2 arguments - 1 provided
C:\Program Files (x86)\Microsoft Visual Studio\2019\Community\VC\Tools\MSVC\14.24.28314\include\string(82): message : see declaration of 'std::getline'
C:\Users\admin\source\repos\Details Store\Store.cpp(36,41): error C2780: 'std::basic_istream<_Elem,_Traits> &std::getline(std::basic_istream<_Elem,_Traits> &,std::basic_string<_Elem,_Traits,_Alloc> &,const _Elem)': expects 3 arguments - 1 provided
C:\Program Files (x86)\Microsoft Visual Studio\2019\Community\VC\Tools\MSVC\14.24.28314\include\string(76): message : see declaration of 'std::getline'
C:\Users\admin\source\repos\Details Store\Store.cpp(36,41): error C2780: 'std::basic_istream<_Elem,_Traits> &std::getline(std::basic_istream<_Elem,_Traits> &&,std::basic_string<_Elem,_Traits,_Alloc> &)': expects 2 arguments - 1 provided
C:\Program Files (x86)\Microsoft Visual Studio\2019\Community\VC\Tools\MSVC\14.24.28314\include\string(70): message : see declaration of 'std::getline'
C:\Users\admin\source\repos\Details Store\Store.cpp(36,41): error C2780: 'std::basic_istream<_Elem,_Traits> &std::getline(std::basic_istream<_Elem,_Traits> &&,std::basic_string<_Elem,_Traits,_Alloc> &,const _Elem)': expects 3 arguments - 1 provided
C:\Program Files (x86)\Microsoft Visual Studio\2019\Community\VC\Tools\MSVC\14.24.28314\include\string(27): message : see declaration of 'std::getline'
C:\Users\admin\source\repos\Details Store\Store.cpp(37,20): error C2039: 'car': is not a member of 'vehicle'
C:\Users\admin\source\repos\Details Store\Store.h(7): message : see declaration of 'vehicle'
C:\Users\admin\source\repos\Details Store\Store.cpp(38,26): error C2039: 'car': is not a member of 'vehicle'
C:\Users\admin\source\repos\Details Store\Store.h(7): message : see declaration of 'vehicle'
C:\Users\admin\source\repos\Details Store\Store.cpp(38,5): error C2672: 'getline': no matching overloaded function found
C:\Users\admin\source\repos\Details Store\Store.cpp(38,39): error C2780: 'std::basic_istream<_Elem,_Traits> &std::getline(std::basic_istream<_Elem,_Traits> &,std::basic_string<_Elem,_Traits,_Alloc> &)': expects 2 arguments - 1 provided
C:\Program Files (x86)\Microsoft Visual Studio\2019\Community\VC\Tools\MSVC\14.24.28314\include\string(82): message : see declaration of 'std::getline'
C:\Users\admin\source\repos\Details Store\Store.cpp(38,39): error C2780: 'std::basic_istream<_Elem,_Traits> &std::getline(std::basic_istream<_Elem,_Traits> &,std::basic_string<_Elem,_Traits,_Alloc> &,const _Elem)': expects 3 arguments - 1 provided
C:\Program Files (x86)\Microsoft Visual Studio\2019\Community\VC\Tools\MSVC\14.24.28314\include\string(76): message : see declaration of 'std::getline'
C:\Users\admin\source\repos\Details Store\Store.cpp(38,39): error C2780: 'std::basic_istream<_Elem,_Traits> &std::getline(std::basic_istream<_Elem,_Traits> &&,std::basic_string<_Elem,_Traits,_Alloc> &)': expects 2 arguments - 1 provided
C:\Program Files (x86)\Microsoft Visual Studio\2019\Community\VC\Tools\MSVC\14.24.28314\include\string(70): message : see declaration of 'std::getline'
C:\Users\admin\source\repos\Details Store\Store.cpp(38,39): error C2780: 'std::basic_istream<_Elem,_Traits> &std::getline(std::basic_istream<_Elem,_Traits> &&,std::basic_string<_Elem,_Traits,_Alloc> &,const _Elem)': expects 3 arguments - 1 provided
C:\Program Files (x86)\Microsoft Visual Studio\2019\Community\VC\Tools\MSVC\14.24.28314\include\string(27): message : see declaration of 'std::getline'
C:\Users\admin\source\repos\Details Store\Store.cpp(39,26): error C2039: 'car': is not a member of 'vehicle'
C:\Users\admin\source\repos\Details Store\Store.h(7): message : see declaration of 'vehicle'
C:\Users\admin\source\repos\Details Store\Store.cpp(39,5): error C2672: 'getline': no matching overloaded function found
C:\Users\admin\source\repos\Details Store\Store.cpp(39,45): error C2780: 'std::basic_istream<_Elem,_Traits> &std::getline(std::basic_istream<_Elem,_Traits> &,std::basic_string<_Elem,_Traits,_Alloc> &)': expects 2 arguments - 1 provided
C:\Program Files (x86)\Microsoft Visual Studio\2019\Community\VC\Tools\MSVC\14.24.28314\include\string(82): message : see declaration of 'std::getline'
C:\Users\admin\source\repos\Details Store\Store.cpp(39,45): error C2780: 'std::basic_istream<_Elem,_Traits> &std::getline(std::basic_istream<_Elem,_Traits> &,std::basic_string<_Elem,_Traits,_Alloc> &,const _Elem)': expects 3 arguments - 1 provided
C:\Program Files (x86)\Microsoft Visual Studio\2019\Community\VC\Tools\MSVC\14.24.28314\include\string(76): message : see declaration of 'std::getline'
C:\Users\admin\source\repos\Details Store\Store.cpp(39,45): error C2780: 'std::basic_istream<_Elem,_Traits> &std::getline(std::basic_istream<_Elem,_Traits> &&,std::basic_string<_Elem,_Traits,_Alloc> &)': expects 2 arguments - 1 provided
C:\Program Files (x86)\Microsoft Visual Studio\2019\Community\VC\Tools\MSVC\14.24.28314\include\string(70): message : see declaration of 'std::getline'
C:\Users\admin\source\repos\Details Store\Store.cpp(39,45): error C2780: 'std::basic_istream<_Elem,_Traits> &std::getline(std::basic_istream<_Elem,_Traits> &&,std::basic_string<_Elem,_Traits,_Alloc> &,const _Elem)': expects 3 arguments - 1 provided
C:\Program Files (x86)\Microsoft Visual Studio\2019\Community\VC\Tools\MSVC\14.24.28314\include\string(27): message : see declaration of 'std::getline'
C:\Users\admin\source\repos\Details Store\Store.cpp(40,26): error C2039: 'car': is not a member of 'vehicle'
C:\Users\admin\source\repos\Details Store\Store.h(7): message : see declaration of 'vehicle'
C:\Users\admin\source\repos\Details Store\Store.cpp(40,5): error C2672: 'getline': no matching overloaded function found
C:\Users\admin\source\repos\Details Store\Store.cpp(40,45): error C2780: 'std::basic_istream<_Elem,_Traits> &std::getline(std::basic_istream<_Elem,_Traits> &,std::basic_string<_Elem,_Traits,_Alloc> &)': expects 2 arguments - 1 provided
C:\Program Files (x86)\Microsoft Visual Studio\2019\Community\VC\Tools\MSVC\14.24.28314\include\string(82): message : see declaration of 'std::getline'
C:\Users\admin\source\repos\Details Store\Store.cpp(40,45): error C2780: 'std::basic_istream<_Elem,_Traits> &std::getline(std::basic_istream<_Elem,_Traits> &,std::basic_string<_Elem,_Traits,_Alloc> &,const _Elem)': expects 3 arguments - 1 provided
C:\Program Files (x86)\Microsoft Visual Studio\2019\Community\VC\Tools\MSVC\14.24.28314\include\string(76): message : see declaration of 'std::getline'
C:\Users\admin\source\repos\Details Store\Store.cpp(40,45): error C2780: 'std::basic_istream<_Elem,_Traits> &std::getline(std::basic_istream<_Elem,_Traits> &&,std::basic_string<_Elem,_Traits,_Alloc> &)': expects 2 arguments - 1 provided
C:\Program Files (x86)\Microsoft Visual Studio\2019\Community\VC\Tools\MSVC\14.24.28314\include\string(70): message : see declaration of 'std::getline'
C:\Users\admin\source\repos\Details Store\Store.cpp(40,45): error C2780: 'std::basic_istream<_Elem,_Traits> &std::getline(std::basic_istream<_Elem,_Traits> &&,std::basic_string<_Elem,_Traits,_Alloc> &,const _Elem)': expects 3 arguments - 1 provided
C:\Program Files (x86)\Microsoft Visual Studio\2019\Community\VC\Tools\MSVC\14.24.28314\include\string(27): message : see declaration of 'std::getline'
C:\Users\admin\source\repos\Details Store\Store.cpp(41,19): error C2039: 'car': is not a member of 'vehicle'
C:\Users\admin\source\repos\Details Store\Store.h(7): message : see declaration of 'vehicle'
C:\Users\admin\source\repos\Details Store\Store.cpp(42,19): error C2039: 'car': is not a member of 'vehicle'
C:\Users\admin\source\repos\Details Store\Store.h(7): message : see declaration of 'vehicle'
C:\Users\admin\source\repos\Details Store\Store.cpp(43,26): error C2039: 'car': is not a member of 'vehicle'
C:\Users\admin\source\repos\Details Store\Store.h(7): message : see declaration of 'vehicle'
C:\Users\admin\source\repos\Details Store\Store.cpp(43,5): error C2672: 'getline': no matching overloaded function found
C:\Users\admin\source\repos\Details Store\Store.cpp(43,44): error C2780: 'std::basic_istream<_Elem,_Traits> &std::getline(std::basic_istream<_Elem,_Traits> &,std::basic_string<_Elem,_Traits,_Alloc> &)': expects 2 arguments - 1 provided
C:\Program Files (x86)\Microsoft Visual Studio\2019\Community\VC\Tools\MSVC\14.24.28314\include\string(82): message : see declaration of 'std::getline'
C:\Users\admin\source\repos\Details Store\Store.cpp(43,44): error C2780: 'std::basic_istream<_Elem,_Traits> &std::getline(std::basic_istream<_Elem,_Traits> &,std::basic_string<_Elem,_Traits,_Alloc> &,const _Elem)': expects 3 arguments - 1 provided
C:\Program Files (x86)\Microsoft Visual Studio\2019\Community\VC\Tools\MSVC\14.24.28314\include\string(76): message : see declaration of 'std::getline'
C:\Users\admin\source\repos\Details Store\Store.cpp(43,44): error C2780: 'std::basic_istream<_Elem,_Traits> &std::getline(std::basic_istream<_Elem,_Traits> &&,std::basic_string<_Elem,_Traits,_Alloc> &)': expects 2 arguments - 1 provided
C:\Program Files (x86)\Microsoft Visual Studio\2019\Community\VC\Tools\MSVC\14.24.28314\include\string(70): message : see declaration of 'std::getline'
C:\Users\admin\source\repos\Details Store\Store.cpp(43,44): error C2780: 'std::basic_istream<_Elem,_Traits> &std::getline(std::basic_istream<_Elem,_Traits> &&,std::basic_string<_Elem,_Traits,_Alloc> &,const _Elem)': expects 3 arguments - 1 provided
C:\Program Files (x86)\Microsoft Visual Studio\2019\Community\VC\Tools\MSVC\14.24.28314\include\string(27): message : see declaration of 'std::getline'
C:\Users\admin\source\repos\Details Store\Store.cpp(44,18): error C2039: 'car': is not a member of 'vehicle'
C:\Users\admin\source\repos\Details Store\Store.h(7): message : see declaration of 'vehicle'
C:\Users\admin\source\repos\Details Store\Store.cpp(45,26): error C2039: 'car': is not a member of 'vehicle'
C:\Users\admin\source\repos\Details Store\Store.h(7): message : see declaration of 'vehicle'
C:\Users\admin\source\repos\Details Store\Store.cpp(45,5): error C2672: 'getline': no matching overloaded function found
C:\Users\admin\source\repos\Details Store\Store.cpp(45,45): error C2780: 'std::basic_istream<_Elem,_Traits> &std::getline(std::basic_istream<_Elem,_Traits> &,std::basic_string<_Elem,_Traits,_Alloc> &)': expects 2 arguments - 1 provided
C:\Program Files (x86)\Microsoft Visual Studio\2019\Community\VC\Tools\MSVC\14.24.28314\include\string(82): message : see declaration of 'std::getline'
C:\Users\admin\source\repos\Details Store\Store.cpp(45,45): error C2780: 'std::basic_istream<_Elem,_Traits> &std::getline(std::basic_istream<_Elem,_Traits> &,std::basic_string<_Elem,_Traits,_Alloc> &,const _Elem)': expects 3 arguments - 1 provided
C:\Program Files (x86)\Microsoft Visual Studio\2019\Community\VC\Tools\MSVC\14.24.28314\include\string(76): message : see declaration of 'std::getline'
C:\Users\admin\source\repos\Details Store\Store.cpp(45,45): error C2780: 'std::basic_istream<_Elem,_Traits> &std::getline(std::basic_istream<_Elem,_Traits> &&,std::basic_string<_Elem,_Traits,_Alloc> &)': expects 2 arguments - 1 provided
C:\Program Files (x86)\Microsoft Visual Studio\2019\Community\VC\Tools\MSVC\14.24.28314\include\string(70): message : see declaration of 'std::getline'
C:\Users\admin\source\repos\Details Store\Store.cpp(45,45): error C2780: 'std::basic_istream<_Elem,_Traits> &std::getline(std::basic_istream<_Elem,_Traits> &&,std::basic_string<_Elem,_Traits,_Alloc> &,const _Elem)': expects 3 arguments - 1 provided
C:\Program Files (x86)\Microsoft Visual Studio\2019\Community\VC\Tools\MSVC\14.24.28314\include\string(27): message : see declaration of 'std::getline'
C:\Users\admin\source\repos\Details Store\Store.cpp(46,26): error C2039: 'car': is not a member of 'vehicle'
C:\Users\admin\source\repos\Details Store\Store.h(7): message : see declaration of 'vehicle'
C:\Users\admin\source\repos\Details Store\Store.cpp(46,5): error C2672: 'getline': no matching overloaded function found
C:\Users\admin\source\repos\Details Store\Store.cpp(46,46): fatal error C1003: error count exceeds 100; stopping compilation
  Generating Code...
